d:\github\gameenginedevelopment2\completed__scenegraph_version_one\opengl_scene_node_implementation_version_one\opengl_starter_kit\debug\vc141.pdb
d:\github\gameenginedevelopment2\completed__scenegraph_version_one\opengl_scene_node_implementation_version_one\opengl_starter_kit\debug\vc141.idb
d:\github\gameenginedevelopment2\completed__scenegraph_version_one\opengl_scene_node_implementation_version_one\opengl_starter_kit\debug\circle.obj
d:\github\gameenginedevelopment2\completed__scenegraph_version_one\opengl_scene_node_implementation_version_one\opengl_starter_kit\debug\cone.obj
d:\github\gameenginedevelopment2\completed__scenegraph_version_one\opengl_scene_node_implementation_version_one\opengl_starter_kit\debug\cube.obj
d:\github\gameenginedevelopment2\completed__scenegraph_version_one\opengl_scene_node_implementation_version_one\opengl_starter_kit\debug\cylinder.obj
d:\github\gameenginedevelopment2\completed__scenegraph_version_one\opengl_scene_node_implementation_version_one\opengl_starter_kit\debug\gamegrid.obj
d:\github\gameenginedevelopment2\completed__scenegraph_version_one\opengl_scene_node_implementation_version_one\opengl_starter_kit\debug\gridnode.obj
d:\github\gameenginedevelopment2\completed__scenegraph_version_one\opengl_scene_node_implementation_version_one\opengl_starter_kit\debug\pacman.obj
d:\github\gameenginedevelopment2\completed__scenegraph_version_one\opengl_scene_node_implementation_version_one\opengl_starter_kit\debug\scenenode.obj
d:\github\gameenginedevelopment2\completed__scenegraph_version_one\opengl_scene_node_implementation_version_one\opengl_starter_kit\debug\sphere.obj
d:\github\gameenginedevelopment2\completed__scenegraph_version_one\opengl_scene_node_implementation_version_one\opengl_starter_kit\debug\square.obj
d:\github\gameenginedevelopment2\completed__scenegraph_version_one\opengl_scene_node_implementation_version_one\opengl_starter_kit\debug\staircase.obj
d:\github\gameenginedevelopment2\completed__scenegraph_version_one\opengl_scene_node_implementation_version_one\opengl_starter_kit\debug\starter_class.obj
d:\github\gameenginedevelopment2\completed__scenegraph_version_one\opengl_scene_node_implementation_version_one\opengl_starter_kit\debug\tank.obj
d:\github\gameenginedevelopment2\completed__scenegraph_version_one\opengl_scene_node_implementation_version_one\opengl_starter_kit\debug\triangle.obj
d:\github\gameenginedevelopment2\completed__scenegraph_version_one\opengl_scene_node_implementation_version_one\debug\opengl_starter_kit.ilk
d:\github\gameenginedevelopment2\completed__scenegraph_version_one\opengl_scene_node_implementation_version_one\debug\opengl_starter_kit.exe
d:\github\gameenginedevelopment2\completed__scenegraph_version_one\opengl_scene_node_implementation_version_one\debug\opengl_starter_kit.pdb
d:\github\gameenginedevelopment2\completed__scenegraph_version_one\opengl_scene_node_implementation_version_one\opengl_starter_kit\debug\opengl_s.d690f990.tlog\cl.command.1.tlog
d:\github\gameenginedevelopment2\completed__scenegraph_version_one\opengl_scene_node_implementation_version_one\opengl_starter_kit\debug\opengl_s.d690f990.tlog\cl.read.1.tlog
d:\github\gameenginedevelopment2\completed__scenegraph_version_one\opengl_scene_node_implementation_version_one\opengl_starter_kit\debug\opengl_s.d690f990.tlog\cl.write.1.tlog
d:\github\gameenginedevelopment2\completed__scenegraph_version_one\opengl_scene_node_implementation_version_one\opengl_starter_kit\debug\opengl_s.d690f990.tlog\link.command.1.tlog
d:\github\gameenginedevelopment2\completed__scenegraph_version_one\opengl_scene_node_implementation_version_one\opengl_starter_kit\debug\opengl_s.d690f990.tlog\link.read.1.tlog
d:\github\gameenginedevelopment2\completed__scenegraph_version_one\opengl_scene_node_implementation_version_one\opengl_starter_kit\debug\opengl_s.d690f990.tlog\link.write.1.tlog
